<?xml version="1.0" encoding="UTF-8"?>
<testsuite name="com.srscons.shortlink.ShortlinkApplicationTests" tests="1" skipped="0" failures="0" errors="0" timestamp="2025-05-08T16:20:55.921Z" hostname="MSI" time="0.356">
  <properties/>
  <testcase name="contextLoads()" classname="com.srscons.shortlink.ShortlinkApplicationTests" time="0.356"/>
  <system-out><![CDATA[20:20:51.557 [Test worker] INFO org.springframework.test.context.support.AnnotationConfigContextLoaderUtils -- Could not detect default configuration classes for test class [com.srscons.shortlink.ShortlinkApplicationTests]: ShortlinkApplicationTests does not declare any static, non-private, non-final, nested classes annotated with @Configuration.
20:20:51.665 [Test worker] INFO org.springframework.boot.test.context.SpringBootTestContextBootstrapper -- Found @SpringBootConfiguration com.srscons.shortlink.ShortlinkApplication for test class com.srscons.shortlink.ShortlinkApplicationTests

  .   ____          _            __ _ _
 /\\ / ___'_ __ _ _(_)_ __  __ _ \ \ \ \
( ( )\___ | '_ | '_| | '_ \/ _` | \ \ \ \
 \\/  ___)| |_)| | | | | || (_| |  ) ) ) )
  '  |____| .__|_| |_|_| |_\__, | / / / /
 =========|_|==============|___/=/_/_/_/

 :: Spring Boot ::                (v3.4.5)

2025-05-08T20:20:52.049+04:00  WARN 4112 --- [shortlink] [    Test worker] ory$DuplicateJsonObjectContextCustomizer : 

Found multiple occurrences of org.json.JSONObject on the class path:

	jar:file:/C:/Users/USER/.gradle/caches/modules-2/files-2.1/org.json/json/20231013/e22e0c040fe16f04ffdb85d851d77b07fc05ea52/json-20231013.jar!/org/json/JSONObject.class
	jar:file:/C:/Users/USER/.gradle/caches/modules-2/files-2.1/com.vaadin.external.google/android-json/0.0.20131108.vaadin1/fa26d351fe62a6a17f5cda1287c1c6110dec413f/android-json-0.0.20131108.vaadin1.jar!/org/json/JSONObject.class

You may wish to exclude one of them to ensure predictable runtime behavior

2025-05-08T20:20:52.064+04:00  INFO 4112 --- [shortlink] [    Test worker] c.s.shortlink.ShortlinkApplicationTests  : Starting ShortlinkApplicationTests using Java 24.0.1 with PID 4112 (started by USER in C:\Users\USER\IdeaProjects\SRS-CONS-LLC\shortlink)
2025-05-08T20:20:52.064+04:00  INFO 4112 --- [shortlink] [    Test worker] c.s.shortlink.ShortlinkApplicationTests  : No active profile set, falling back to 1 default profile: "default"
2025-05-08T20:20:52.602+04:00  INFO 4112 --- [shortlink] [    Test worker] .s.d.r.c.RepositoryConfigurationDelegate : Bootstrapping Spring Data JPA repositories in DEFAULT mode.
2025-05-08T20:20:52.656+04:00  INFO 4112 --- [shortlink] [    Test worker] .s.d.r.c.RepositoryConfigurationDelegate : Finished Spring Data repository scanning in 44 ms. Found 2 JPA repository interfaces.
2025-05-08T20:20:53.012+04:00  INFO 4112 --- [shortlink] [    Test worker] o.hibernate.jpa.internal.util.LogHelper  : HHH000204: Processing PersistenceUnitInfo [name: default]
2025-05-08T20:20:53.077+04:00  INFO 4112 --- [shortlink] [    Test worker] org.hibernate.Version                    : HHH000412: Hibernate ORM core version 6.6.13.Final
2025-05-08T20:20:53.113+04:00  INFO 4112 --- [shortlink] [    Test worker] o.h.c.internal.RegionFactoryInitiator    : HHH000026: Second-level cache disabled
2025-05-08T20:20:53.431+04:00  INFO 4112 --- [shortlink] [    Test worker] o.s.o.j.p.SpringPersistenceUnitInfo      : No LoadTimeWeaver setup: ignoring JPA class transformer
2025-05-08T20:20:53.463+04:00  INFO 4112 --- [shortlink] [    Test worker] com.zaxxer.hikari.HikariDataSource       : HikariPool-1 - Starting...
2025-05-08T20:20:53.748+04:00  INFO 4112 --- [shortlink] [    Test worker] com.zaxxer.hikari.pool.HikariPool        : HikariPool-1 - Added connection com.mysql.cj.jdbc.ConnectionImpl@3b9c9b8b
2025-05-08T20:20:53.749+04:00  INFO 4112 --- [shortlink] [    Test worker] com.zaxxer.hikari.HikariDataSource       : HikariPool-1 - Start completed.
2025-05-08T20:20:53.863+04:00  INFO 4112 --- [shortlink] [    Test worker] org.hibernate.orm.connections.pooling    : HHH10001005: Database info:
	Database JDBC URL [Connecting through datasource 'HikariDataSource (HikariPool-1)']
	Database driver: undefined/unknown
	Database version: 8.0.34
	Autocommit mode: undefined/unknown
	Isolation level: undefined/unknown
	Minimum pool size: undefined/unknown
	Maximum pool size: undefined/unknown
2025-05-08T20:20:54.557+04:00  INFO 4112 --- [shortlink] [    Test worker] o.h.e.t.j.p.i.JtaPlatformInitiator       : HHH000489: No JTA platform available (set 'hibernate.transaction.jta.platform' to enable JTA platform integration)
2025-05-08T20:20:54.593+04:00  INFO 4112 --- [shortlink] [    Test worker] j.LocalContainerEntityManagerFactoryBean : Initialized JPA EntityManagerFactory for persistence unit 'default'
2025-05-08T20:20:55.365+04:00  WARN 4112 --- [shortlink] [    Test worker] JpaBaseConfiguration$JpaWebConfiguration : spring.jpa.open-in-view is enabled by default. Therefore, database queries may be performed during view rendering. Explicitly configure spring.jpa.open-in-view to disable this warning
2025-05-08T20:20:55.404+04:00  INFO 4112 --- [shortlink] [    Test worker] o.s.b.a.w.s.WelcomePageHandlerMapping    : Adding welcome page template: index
2025-05-08T20:20:55.901+04:00  INFO 4112 --- [shortlink] [    Test worker] c.s.shortlink.ShortlinkApplicationTests  : Started ShortlinkApplicationTests in 4.092 seconds (process running for 5.053)
]]></system-out>
  <system-err><![CDATA[Mockito is currently self-attaching to enable the inline-mock-maker. This will no longer work in future releases of the JDK. Please add Mockito as an agent to your build what is described in Mockito's documentation: https://javadoc.io/doc/org.mockito/mockito-core/latest/org/mockito/Mockito.html#0.3
WARNING: A Java agent has been loaded dynamically (C:\Users\USER\.gradle\caches\modules-2\files-2.1\net.bytebuddy\byte-buddy-agent\1.15.11\a38b16385e867f59a641330f0362ebe742788ed8\byte-buddy-agent-1.15.11.jar)
WARNING: If a serviceability tool is in use, please run with -XX:+EnableDynamicAgentLoading to hide this warning
WARNING: If a serviceability tool is not in use, please run with -Djdk.instrument.traceUsage for more information
WARNING: Dynamic loading of agents will be disallowed by default in a future release
]]></system-err>
</testsuite>
